app/build/outputs/logs/manifest-merger-debug-report.txt
-- Merging decision tree log ---
manifest
ADDED from src/main/AndroidManifest.xml:2:1-47:12
	xmlns:android
		ADDED from src/main/AndroidManifest.xml:2:11-69
	package
		ADDED from src/main/AndroidManifest.xml:3:5-67
		INJECTED from src/main/AndroidManifest.xml
		INJECTED from src/main/AndroidManifest.xml
	android:versionName
		ADDED from src/main/AndroidManifest.xml:5:5-30
		INJECTED from src/main/AndroidManifest.xml
		INJECTED from src/main/AndroidManifest.xml
	android:versionCode
		ADDED from src/main/AndroidManifest.xml:4:5-28
		INJECTED from src/main/AndroidManifest.xml
		INJECTED from src/main/AndroidManifest.xml
uses-sdk
ADDED from src/main/AndroidManifest.xml:7:6-9:41
	android:targetSdkVersion
		ADDED from src/main/AndroidManifest.xml:9:9-38
		INJECTED from src/main/AndroidManifest.xml
		INJECTED from src/main/AndroidManifest.xml
	android:minSdkVersion
		ADDED from src/main/AndroidManifest.xml:8:9-35
		INJECTED from src/main/AndroidManifest.xml
		INJECTED from src/main/AndroidManifest.xml
application
ADDED from src/main/AndroidManifest.xml:11:5-45:19
	android:label
		ADDED from src/main/AndroidManifest.xml:13:9-41
	android:icon
		ADDED from src/main/AndroidManifest.xml:12:9-45
	android:theme
		ADDED from src/main/AndroidManifest.xml:14:9-40
activity#org.dieschnittstelle.mobile.android.inputandfeedback.InputAndFeedbackActivity
ADDED from src/main/AndroidManifest.xml:15:9-23:20
	android:label
		ADDED from src/main/AndroidManifest.xml:16:13-45
	android:name
		ADDED from src/main/AndroidManifest.xml:17:13-53
intent-filter#android.intent.action.MAIN+android.intent.category.LAUNCHER
ADDED from src/main/AndroidManifest.xml:18:13-22:29
action#android.intent.action.MAIN
ADDED from src/main/AndroidManifest.xml:19:17-69
	android:name
		ADDED from src/main/AndroidManifest.xml:19:25-66
category#android.intent.category.LAUNCHER
ADDED from src/main/AndroidManifest.xml:21:17-77
	android:name
		ADDED from src/main/AndroidManifest.xml:21:27-74
activity#org.dieschnittstelle.mobile.android.inputandfeedback.ViewOverlayActivity
ADDED from src/main/AndroidManifest.xml:25:9-28:20
	android:label
		ADDED from src/main/AndroidManifest.xml:26:13-49
	android:name
		ADDED from src/main/AndroidManifest.xml:27:13-48
activity#org.dieschnittstelle.mobile.android.inputandfeedback.ViewTransitionActivity
ADDED from src/main/AndroidManifest.xml:29:9-32:20
	android:label
		ADDED from src/main/AndroidManifest.xml:30:13-52
	android:name
		ADDED from src/main/AndroidManifest.xml:31:13-51
activity#org.dieschnittstelle.mobile.android.inputandfeedback.ViewManipulationActivity
ADDED from src/main/AndroidManifest.xml:33:9-36:20
	android:label
		ADDED from src/main/AndroidManifest.xml:34:13-54
	android:name
		ADDED from src/main/AndroidManifest.xml:35:13-53
activity#org.dieschnittstelle.mobile.android.inputandfeedback.ViewMenusActivity
ADDED from src/main/AndroidManifest.xml:37:9-40:20
	android:label
		ADDED from src/main/AndroidManifest.xml:38:13-47
	android:name
		ADDED from src/main/AndroidManifest.xml:39:13-46
activity#org.dieschnittstelle.mobile.android.inputandfeedback.ViewThreadingActivity
ADDED from src/main/AndroidManifest.xml:41:9-44:20
	android:label
		ADDED from src/main/AndroidManifest.xml:42:13-51
	android:name
		ADDED from src/main/AndroidManifest.xml:43:13-102